<?xml version="1.0" encoding="UTF-8"?>
<!-- Generated by org.testng.reporters.JUnitReportReporter -->
<testsuite hostname="Nit" name="com.hrms.testscript.TC_101" tests="1" failures="0" timestamp="2 Oct 2019 04:01:45 GMT" time="8.295" errors="0">
  <testcase name="tc101" time="8.295" classname="com.hrms.testscript.TC_101"/>
</testsuite> <!-- com.hrms.testscript.TC_101 -->
