<?xml version="1.0" encoding="UTF-8"?>
<!-- Generated by org.testng.reporters.JUnitReportReporter -->
<testsuite hostname="Nit" name="com.hrms.testscript.TC_103" tests="1" failures="0" timestamp="2 Oct 2019 04:01:45 GMT" time="18.246" errors="0">
  <testcase name="tc103" time="18.246" classname="com.hrms.testscript.TC_103"/>
</testsuite> <!-- com.hrms.testscript.TC_103 -->
