<?xml version="1.0" encoding="UTF-8"?>
<!-- Generated by org.testng.reporters.JUnitReportReporter -->
<testsuite hostname="Nit" name="com.hrms.testscript.TC_102" tests="1" failures="0" timestamp="2 Oct 2019 04:01:45 GMT" time="15.223" errors="0">
  <testcase name="tc102" time="15.223" classname="com.hrms.testscript.TC_102"/>
</testsuite> <!-- com.hrms.testscript.TC_102 -->
